2017-04-18 10:13:16.505  INFO 1 --- [           main] s.c.a.AnnotationConfigApplicationContext : Refreshing org.springframework.context.annotation.AnnotationConfigApplicationContext@7de26db8: startup date [Tue Apr 18 10:13:16 UTC 2017]; root of context hierarchy
2017-04-18 10:13:17.574  INFO 1 --- [           main] f.a.AutowiredAnnotationBeanPostProcessor : JSR-330 'javax.inject.Inject' annotation found and supported for autowiring
2017-04-18 10:13:17.767  INFO 1 --- [           main] trationDelegate$BeanPostProcessorChecker : Bean 'configurationPropertiesRebinderAutoConfiguration' of type [class org.springframework.cloud.autoconfigure.ConfigurationPropertiesRebinderAutoConfiguration$$EnhancerBySpringCGLIB$$4c6e085e] is not eligible for getting processed by all BeanPostProcessors (for example: not eligible for auto-proxying)

  .   ____          _            __ _ _
 /\\ / ___'_ __ _ _(_)_ __  __ _ \ \ \ \
( ( )\___ | '_ | '_| | '_ \/ _` | \ \ \ \
 \\/  ___)| |_)| | | | | || (_| |  ) ) ) )
  '  |____| .__|_| |_|_| |_\__, | / / / /
 =========|_|==============|___/=/_/_/_/
 :: Spring Boot ::        (v1.4.3.RELEASE)

2017-04-18 10:13:19.361  INFO 1 --- [           main] c.c.c.ConfigServicePropertySourceLocator : Fetching config from server at: http://config:8888
2017-04-18 10:13:19.673  WARN 1 --- [           main] o.s.boot.SpringApplication               : Error handling failed (ApplicationEventMulticaster not initialized - call 'refresh' before multicasting events via the context: org.springframework.boot.context.embedded.AnnotationConfigEmbeddedWebApplicationContext@4cb2c100: startup date [Thu Jan 01 00:00:00 UTC 1970]; parent: org.springframework.context.annotation.AnnotationConfigApplicationContext@7de26db8)
2017-04-18 10:13:19.714 ERROR 1 --- [           main] o.s.boot.SpringApplication               : Application startup failed

java.lang.IllegalStateException: Could not locate PropertySource and the fail fast property is set, failing
	at org.springframework.cloud.config.client.ConfigServicePropertySourceLocator.locate(ConfigServicePropertySourceLocator.java:130) ~[spring-cloud-config-client-1.2.0.RELEASE.jar!/:1.2.0.RELEASE]
	at org.springframework.cloud.bootstrap.config.PropertySourceBootstrapConfiguration.initialize(PropertySourceBootstrapConfiguration.java:89) ~[spring-cloud-context-1.1.3.RELEASE.jar!/:1.1.3.RELEASE]
	at org.springframework.boot.SpringApplication.applyInitializers(SpringApplication.java:635) [spring-boot-1.4.3.RELEASE.jar!/:1.4.3.RELEASE]
	at org.springframework.boot.SpringApplication.prepareContext(SpringApplication.java:349) [spring-boot-1.4.3.RELEASE.jar!/:1.4.3.RELEASE]
	at org.springframework.boot.SpringApplication.run(SpringApplication.java:313) [spring-boot-1.4.3.RELEASE.jar!/:1.4.3.RELEASE]
	at org.springframework.boot.SpringApplication.run(SpringApplication.java:1186) [spring-boot-1.4.3.RELEASE.jar!/:1.4.3.RELEASE]
	at org.springframework.boot.SpringApplication.run(SpringApplication.java:1175) [spring-boot-1.4.3.RELEASE.jar!/:1.4.3.RELEASE]
	at com.dminc.auth.AuthApplication.main(AuthApplication.java:40) [classes!/:1.0.0-SNAPSHOT]
	at sun.reflect.NativeMethodAccessorImpl.invoke0(Native Method) ~[na:1.8.0_111]
	at sun.reflect.NativeMethodAccessorImpl.invoke(NativeMethodAccessorImpl.java:62) ~[na:1.8.0_111]
	at sun.reflect.DelegatingMethodAccessorImpl.invoke(DelegatingMethodAccessorImpl.java:43) ~[na:1.8.0_111]
	at java.lang.reflect.Method.invoke(Method.java:498) ~[na:1.8.0_111]
	at org.springframework.boot.loader.MainMethodRunner.run(MainMethodRunner.java:48) [auth-service.jar:1.0.0-SNAPSHOT]
	at org.springframework.boot.loader.Launcher.launch(Launcher.java:87) [auth-service.jar:1.0.0-SNAPSHOT]
	at org.springframework.boot.loader.Launcher.launch(Launcher.java:50) [auth-service.jar:1.0.0-SNAPSHOT]
	at org.springframework.boot.loader.JarLauncher.main(JarLauncher.java:51) [auth-service.jar:1.0.0-SNAPSHOT]
Caused by: org.springframework.web.client.ResourceAccessException: I/O error on GET request for "http://config:8888/auth-service/default": Connection refused (Connection refused); nested exception is java.net.ConnectException: Connection refused (Connection refused)
	at org.springframework.web.client.RestTemplate.doExecute(RestTemplate.java:633) ~[spring-web-4.3.2.RELEASE.jar!/:4.3.2.RELEASE]
	at org.springframework.web.client.RestTemplate.execute(RestTemplate.java:580) ~[spring-web-4.3.2.RELEASE.jar!/:4.3.2.RELEASE]
	at org.springframework.web.client.RestTemplate.exchange(RestTemplate.java:498) ~[spring-web-4.3.2.RELEASE.jar!/:4.3.2.RELEASE]
	at org.springframework.cloud.config.client.ConfigServicePropertySourceLocator.getRemoteEnvironment(ConfigServicePropertySourceLocator.java:170) ~[spring-cloud-config-client-1.2.0.RELEASE.jar!/:1.2.0.RELEASE]
	at org.springframework.cloud.config.client.ConfigServicePropertySourceLocator.locate(ConfigServicePropertySourceLocator.java:91) ~[spring-cloud-config-client-1.2.0.RELEASE.jar!/:1.2.0.RELEASE]
	... 15 common frames omitted
Caused by: java.net.ConnectException: Connection refused (Connection refused)
	at java.net.PlainSocketImpl.socketConnect(Native Method) ~[na:1.8.0_111]
	at java.net.AbstractPlainSocketImpl.doConnect(AbstractPlainSocketImpl.java:350) ~[na:1.8.0_111]
	at java.net.AbstractPlainSocketImpl.connectToAddress(AbstractPlainSocketImpl.java:206) ~[na:1.8.0_111]
	at java.net.AbstractPlainSocketImpl.connect(AbstractPlainSocketImpl.java:188) ~[na:1.8.0_111]
	at java.net.SocksSocketImpl.connect(SocksSocketImpl.java:392) ~[na:1.8.0_111]
	at java.net.Socket.connect(Socket.java:589) ~[na:1.8.0_111]
	at java.net.Socket.connect(Socket.java:538) ~[na:1.8.0_111]
	at sun.net.NetworkClient.doConnect(NetworkClient.java:180) ~[na:1.8.0_111]
	at sun.net.www.http.HttpClient.openServer(HttpClient.java:432) ~[na:1.8.0_111]
	at sun.net.www.http.HttpClient.openServer(HttpClient.java:527) ~[na:1.8.0_111]
	at sun.net.www.http.HttpClient.<init>(HttpClient.java:211) ~[na:1.8.0_111]
	at sun.net.www.http.HttpClient.New(HttpClient.java:308) ~[na:1.8.0_111]
	at sun.net.www.http.HttpClient.New(HttpClient.java:326) ~[na:1.8.0_111]
	at sun.net.www.protocol.http.HttpURLConnection.getNewHttpClient(HttpURLConnection.java:1202) ~[na:1.8.0_111]
	at sun.net.www.protocol.http.HttpURLConnection.plainConnect0(HttpURLConnection.java:1138) ~[na:1.8.0_111]
	at sun.net.www.protocol.http.HttpURLConnection.plainConnect(HttpURLConnection.java:1032) ~[na:1.8.0_111]
	at sun.net.www.protocol.http.HttpURLConnection.connect(HttpURLConnection.java:966) ~[na:1.8.0_111]
	at org.springframework.http.client.SimpleBufferingClientHttpRequest.executeInternal(SimpleBufferingClientHttpRequest.java:78) ~[spring-web-4.3.2.RELEASE.jar!/:4.3.2.RELEASE]
	at org.springframework.http.client.AbstractBufferingClientHttpRequest.executeInternal(AbstractBufferingClientHttpRequest.java:48) ~[spring-web-4.3.2.RELEASE.jar!/:4.3.2.RELEASE]
	at org.springframework.http.client.AbstractClientHttpRequest.execute(AbstractClientHttpRequest.java:53) ~[spring-web-4.3.2.RELEASE.jar!/:4.3.2.RELEASE]
	at org.springframework.http.client.InterceptingClientHttpRequest$InterceptingRequestExecution.execute(InterceptingClientHttpRequest.java:93) ~[spring-web-4.3.2.RELEASE.jar!/:4.3.2.RELEASE]
	at org.springframework.cloud.config.client.ConfigServicePropertySourceLocator$BasicAuthorizationInterceptor.intercept(ConfigServicePropertySourceLocator.java:231) ~[spring-cloud-config-client-1.2.0.RELEASE.jar!/:1.2.0.RELEASE]
	at org.springframework.http.client.InterceptingClientHttpRequest$InterceptingRequestExecution.execute(InterceptingClientHttpRequest.java:85) ~[spring-web-4.3.2.RELEASE.jar!/:4.3.2.RELEASE]
	at org.springframework.http.client.InterceptingClientHttpRequest.executeInternal(InterceptingClientHttpRequest.java:69) ~[spring-web-4.3.2.RELEASE.jar!/:4.3.2.RELEASE]
	at org.springframework.http.client.AbstractBufferingClientHttpRequest.executeInternal(AbstractBufferingClientHttpRequest.java:48) ~[spring-web-4.3.2.RELEASE.jar!/:4.3.2.RELEASE]
	at org.springframework.http.client.AbstractClientHttpRequest.execute(AbstractClientHttpRequest.java:53) ~[spring-web-4.3.2.RELEASE.jar!/:4.3.2.RELEASE]
	at org.springframework.web.client.RestTemplate.doExecute(RestTemplate.java:619) ~[spring-web-4.3.2.RELEASE.jar!/:4.3.2.RELEASE]
	... 19 common frames omitted

2017-04-18 10:13:25.577  INFO 1 --- [           main] s.c.a.AnnotationConfigApplicationContext : Refreshing org.springframework.context.annotation.AnnotationConfigApplicationContext@7de26db8: startup date [Tue Apr 18 10:13:25 UTC 2017]; root of context hierarchy
2017-04-18 10:13:26.861  INFO 1 --- [           main] f.a.AutowiredAnnotationBeanPostProcessor : JSR-330 'javax.inject.Inject' annotation found and supported for autowiring
2017-04-18 10:13:26.994  INFO 1 --- [           main] trationDelegate$BeanPostProcessorChecker : Bean 'configurationPropertiesRebinderAutoConfiguration' of type [class org.springframework.cloud.autoconfigure.ConfigurationPropertiesRebinderAutoConfiguration$$EnhancerBySpringCGLIB$$4c6e085e] is not eligible for getting processed by all BeanPostProcessors (for example: not eligible for auto-proxying)

  .   ____          _            __ _ _
 /\\ / ___'_ __ _ _(_)_ __  __ _ \ \ \ \
( ( )\___ | '_ | '_| | '_ \/ _` | \ \ \ \
 \\/  ___)| |_)| | | | | || (_| |  ) ) ) )
  '  |____| .__|_| |_|_| |_\__, | / / / /
 =========|_|==============|___/=/_/_/_/
 :: Spring Boot ::        (v1.4.3.RELEASE)

2017-04-18 10:13:28.409  INFO 1 --- [           main] c.c.c.ConfigServicePropertySourceLocator : Fetching config from server at: http://config:8888
2017-04-18 10:13:29.331  INFO 1 --- [           main] c.c.c.ConfigServicePropertySourceLocator : Located environment: name=auth-service, profiles=[default], label=null, version=null, state=null
2017-04-18 10:13:29.341  INFO 1 --- [           main] b.c.PropertySourceBootstrapConfiguration : Located property source: CompositePropertySource [name='configService', propertySources=[MapPropertySource [name='classpath:/shared/auth-service.yml'], MapPropertySource [name='classpath:/shared/application.yml']]]
2017-04-18 10:13:29.425  INFO 1 --- [           main] com.dminc.auth.AuthApplication           : No active profile set, falling back to default profiles: default
2017-04-18 10:13:29.504  INFO 1 --- [           main] ationConfigEmbeddedWebApplicationContext : Refreshing org.springframework.boot.context.embedded.AnnotationConfigEmbeddedWebApplicationContext@4cb2c100: startup date [Tue Apr 18 10:13:29 UTC 2017]; parent: org.springframework.context.annotation.AnnotationConfigApplicationContext@7de26db8
2017-04-18 10:13:31.600  WARN 1 --- [           main] o.s.c.a.ConfigurationClassPostProcessor  : Cannot enhance @Configuration bean definition 'refreshScope' since its singleton instance has been created too early. The typical cause is a non-static @Bean method with a BeanDefinitionRegistryPostProcessor return type: Consider declaring such methods as 'static'.
2017-04-18 10:13:31.791  INFO 1 --- [           main] o.s.cloud.context.scope.GenericScope     : BeanFactory id=aa1a2ae0-84a2-3d14-964f-fabd4725cdb5
2017-04-18 10:13:31.810  INFO 1 --- [           main] f.a.AutowiredAnnotationBeanPostProcessor : JSR-330 'javax.inject.Inject' annotation found and supported for autowiring
2017-04-18 10:13:31.916  INFO 1 --- [           main] trationDelegate$BeanPostProcessorChecker : Bean 'org.springframework.security.config.annotation.configuration.ObjectPostProcessorConfiguration' of type [class org.springframework.security.config.annotation.configuration.ObjectPostProcessorConfiguration$$EnhancerBySpringCGLIB$$c901cd9b] is not eligible for getting processed by all BeanPostProcessors (for example: not eligible for auto-proxying)
2017-04-18 10:13:31.967  INFO 1 --- [           main] trationDelegate$BeanPostProcessorChecker : Bean 'objectPostProcessor' of type [class org.springframework.security.config.annotation.configuration.AutowireBeanFactoryObjectPostProcessor] is not eligible for getting processed by all BeanPostProcessors (for example: not eligible for auto-proxying)
2017-04-18 10:13:32.091  INFO 1 --- [           main] trationDelegate$BeanPostProcessorChecker : Bean 'org.springframework.security.access.expression.method.DefaultMethodSecurityExpressionHandler@441772e' of type [class org.springframework.security.oauth2.provider.expression.OAuth2MethodSecurityExpressionHandler] is not eligible for getting processed by all BeanPostProcessors (for example: not eligible for auto-proxying)
2017-04-18 10:13:32.117  INFO 1 --- [           main] trationDelegate$BeanPostProcessorChecker : Bean 'org.springframework.security.config.annotation.method.configuration.GlobalMethodSecurityConfiguration' of type [class org.springframework.security.config.annotation.method.configuration.GlobalMethodSecurityConfiguration$$EnhancerBySpringCGLIB$$edd6704d] is not eligible for getting processed by all BeanPostProcessors (for example: not eligible for auto-proxying)
2017-04-18 10:13:32.147  INFO 1 --- [           main] trationDelegate$BeanPostProcessorChecker : Bean 'methodSecurityMetadataSource' of type [class org.springframework.security.access.method.DelegatingMethodSecurityMetadataSource] is not eligible for getting processed by all BeanPostProcessors (for example: not eligible for auto-proxying)
2017-04-18 10:13:32.177  INFO 1 --- [           main] trationDelegate$BeanPostProcessorChecker : Bean 'org.springframework.cloud.autoconfigure.ConfigurationPropertiesRebinderAutoConfiguration' of type [class org.springframework.cloud.autoconfigure.ConfigurationPropertiesRebinderAutoConfiguration$$EnhancerBySpringCGLIB$$4c6e085e] is not eligible for getting processed by all BeanPostProcessors (for example: not eligible for auto-proxying)
2017-04-18 10:13:32.735  INFO 1 --- [           main] s.b.c.e.t.TomcatEmbeddedServletContainer : Tomcat initialized with port(s): 5000 (http)
2017-04-18 10:13:32.764  INFO 1 --- [           main] o.apache.catalina.core.StandardService   : Starting service Tomcat
2017-04-18 10:13:32.767  INFO 1 --- [           main] org.apache.catalina.core.StandardEngine  : Starting Servlet Engine: Apache Tomcat/8.5.6
2017-04-18 10:13:32.956  INFO 1 --- [ost-startStop-1] o.a.c.c.C.[Tomcat].[localhost].[/uaa]    : Initializing Spring embedded WebApplicationContext
2017-04-18 10:13:32.957  INFO 1 --- [ost-startStop-1] o.s.web.context.ContextLoader            : Root WebApplicationContext: initialization completed in 3453 ms
2017-04-18 10:13:33.566  INFO 1 --- [ost-startStop-1] o.s.b.w.servlet.FilterRegistrationBean   : Mapping filter: 'characterEncodingFilter' to: [/*]
2017-04-18 10:13:33.567  INFO 1 --- [ost-startStop-1] o.s.b.w.servlet.FilterRegistrationBean   : Mapping filter: 'hiddenHttpMethodFilter' to: [/*]
2017-04-18 10:13:33.568  INFO 1 --- [ost-startStop-1] o.s.b.w.servlet.FilterRegistrationBean   : Mapping filter: 'httpPutFormContentFilter' to: [/*]
2017-04-18 10:13:33.569  INFO 1 --- [ost-startStop-1] o.s.b.w.servlet.FilterRegistrationBean   : Mapping filter: 'requestContextFilter' to: [/*]
2017-04-18 10:13:33.576  INFO 1 --- [ost-startStop-1] .s.DelegatingFilterProxyRegistrationBean : Mapping filter: 'springSecurityFilterChain' to: [/*]
2017-04-18 10:13:33.578  INFO 1 --- [ost-startStop-1] o.s.b.w.servlet.ServletRegistrationBean  : Mapping servlet: 'dispatcherServlet' to [/]
2017-04-18 10:13:34.023  INFO 1 --- [           main] org.mongodb.driver.cluster               : Cluster created with settings {hosts=[auth-mongodb:27017], mode=MULTIPLE, requiredClusterType=UNKNOWN, serverSelectionTimeout='30000 ms', maxWaitQueueSize=500}
2017-04-18 10:13:34.024  INFO 1 --- [           main] org.mongodb.driver.cluster               : Adding discovered server auth-mongodb:27017 to client view of cluster
2017-04-18 10:13:34.490  INFO 1 --- [h-mongodb:27017] org.mongodb.driver.connection            : Opened connection [connectionId{localValue:1, serverValue:3}] to auth-mongodb:27017
2017-04-18 10:13:34.493  INFO 1 --- [h-mongodb:27017] org.mongodb.driver.cluster               : Monitor thread successfully connected to server with description ServerDescription{address=auth-mongodb:27017, type=STANDALONE, state=CONNECTED, ok=true, version=ServerVersion{versionList=[3, 4, 3]}, minWireVersion=0, maxWireVersion=5, maxDocumentSize=16777216, roundTripTimeNanos=1293679}
2017-04-18 10:13:34.495  INFO 1 --- [h-mongodb:27017] org.mongodb.driver.cluster               : Discovered cluster type of STANDALONE
2017-04-18 10:13:35.905  INFO 1 --- [           main] .s.o.p.e.FrameworkEndpointHandlerMapping : Mapped "{[/oauth/token],methods=[GET]}" onto public org.springframework.http.ResponseEntity<org.springframework.security.oauth2.common.OAuth2AccessToken> org.springframework.security.oauth2.provider.endpoint.TokenEndpoint.getAccessToken(java.security.Principal,java.util.Map<java.lang.String, java.lang.String>) throws org.springframework.web.HttpRequestMethodNotSupportedException
2017-04-18 10:13:35.909  INFO 1 --- [           main] .s.o.p.e.FrameworkEndpointHandlerMapping : Mapped "{[/oauth/token],methods=[POST]}" onto public org.springframework.http.ResponseEntity<org.springframework.security.oauth2.common.OAuth2AccessToken> org.springframework.security.oauth2.provider.endpoint.TokenEndpoint.postAccessToken(java.security.Principal,java.util.Map<java.lang.String, java.lang.String>) throws org.springframework.web.HttpRequestMethodNotSupportedException
2017-04-18 10:13:35.924  INFO 1 --- [           main] .s.o.p.e.FrameworkEndpointHandlerMapping : Mapped "{[/oauth/authorize],methods=[POST],params=[user_oauth_approval]}" onto public org.springframework.web.servlet.View org.springframework.security.oauth2.provider.endpoint.AuthorizationEndpoint.approveOrDeny(java.util.Map<java.lang.String, java.lang.String>,java.util.Map<java.lang.String, ?>,org.springframework.web.bind.support.SessionStatus,java.security.Principal)
2017-04-18 10:13:35.932  INFO 1 --- [           main] .s.o.p.e.FrameworkEndpointHandlerMapping : Mapped "{[/oauth/authorize]}" onto public org.springframework.web.servlet.ModelAndView org.springframework.security.oauth2.provider.endpoint.AuthorizationEndpoint.authorize(java.util.Map<java.lang.String, java.lang.Object>,java.util.Map<java.lang.String, java.lang.String>,org.springframework.web.bind.support.SessionStatus,java.security.Principal)
2017-04-18 10:13:35.936  INFO 1 --- [           main] .s.o.p.e.FrameworkEndpointHandlerMapping : Mapped "{[/oauth/check_token]}" onto public java.util.Map<java.lang.String, ?> org.springframework.security.oauth2.provider.endpoint.CheckTokenEndpoint.checkToken(java.lang.String)
2017-04-18 10:13:35.937  INFO 1 --- [           main] .s.o.p.e.FrameworkEndpointHandlerMapping : Mapped "{[/oauth/confirm_access]}" onto public org.springframework.web.servlet.ModelAndView org.springframework.security.oauth2.provider.endpoint.WhitelabelApprovalEndpoint.getAccessConfirmation(java.util.Map<java.lang.String, java.lang.Object>,javax.servlet.http.HttpServletRequest) throws java.lang.Exception
2017-04-18 10:13:35.939  INFO 1 --- [           main] .s.o.p.e.FrameworkEndpointHandlerMapping : Mapped "{[/oauth/error]}" onto public org.springframework.web.servlet.ModelAndView org.springframework.security.oauth2.provider.endpoint.WhitelabelErrorEndpoint.handleError(javax.servlet.http.HttpServletRequest)
2017-04-18 10:13:36.116  INFO 1 --- [           main] com.dminc.auth.AuthApplication           : Configuring client details service...
2017-04-18 10:13:36.125  INFO 1 --- [           main] com.dminc.auth.AuthApplication           : Service show-service configured
2017-04-18 10:13:36.954  INFO 1 --- [           main] o.s.s.web.DefaultSecurityFilterChain     : Creating filter chain: OrRequestMatcher [requestMatchers=[Ant [pattern='/oauth/token'], Ant [pattern='/oauth/token_key'], Ant [pattern='/oauth/check_token']]], [org.springframework.security.web.context.request.async.WebAsyncManagerIntegrationFilter@15888343, org.springframework.security.web.context.SecurityContextPersistenceFilter@6e535154, org.springframework.security.web.header.HeaderWriterFilter@5f8e8a9d, org.springframework.security.web.authentication.logout.LogoutFilter@1807e3f6, org.springframework.security.web.authentication.www.BasicAuthenticationFilter@68c9d179, org.springframework.security.web.savedrequest.RequestCacheAwareFilter@5b38c1ec, org.springframework.security.web.servletapi.SecurityContextHolderAwareRequestFilter@4722ef0c, org.springframework.security.web.authentication.AnonymousAuthenticationFilter@33ecda92, org.springframework.security.web.session.SessionManagementFilter@3ad83a66, org.springframework.security.web.access.ExceptionTranslationFilter@239a307b, org.springframework.security.web.access.intercept.FilterSecurityInterceptor@57bc27f5]
2017-04-18 10:13:37.018  INFO 1 --- [           main] o.s.s.web.DefaultSecurityFilterChain     : Creating filter chain: org.springframework.security.oauth2.config.annotation.web.configuration.ResourceServerConfiguration$NotOAuthRequestMatcher@4b520ea8, [org.springframework.security.web.context.request.async.WebAsyncManagerIntegrationFilter@16150369, org.springframework.security.web.context.SecurityContextPersistenceFilter@7e990ed7, org.springframework.security.web.header.HeaderWriterFilter@69c81773, org.springframework.security.web.authentication.logout.LogoutFilter@4d15107f, org.springframework.security.oauth2.provider.authentication.OAuth2AuthenticationProcessingFilter@491b9b8, org.springframework.security.web.savedrequest.RequestCacheAwareFilter@c05fddc, org.springframework.security.web.servletapi.SecurityContextHolderAwareRequestFilter@25df00a0, org.springframework.security.web.authentication.AnonymousAuthenticationFilter@6b09fb41, org.springframework.security.web.session.SessionManagementFilter@4d14b6c2, org.springframework.security.web.access.ExceptionTranslationFilter@30f842ca, org.springframework.security.web.access.intercept.FilterSecurityInterceptor@5a5a729f]
2017-04-18 10:13:37.027  INFO 1 --- [           main] o.s.s.web.DefaultSecurityFilterChain     : Creating filter chain: org.springframework.security.web.util.matcher.AnyRequestMatcher@1, [org.springframework.security.web.context.request.async.WebAsyncManagerIntegrationFilter@29d80d2b, org.springframework.security.web.context.SecurityContextPersistenceFilter@821330f, org.springframework.security.web.header.HeaderWriterFilter@34bde49d, org.springframework.security.web.authentication.logout.LogoutFilter@210ab13f, org.springframework.security.web.savedrequest.RequestCacheAwareFilter@6f43c82, org.springframework.security.web.servletapi.SecurityContextHolderAwareRequestFilter@5db6b9cd, org.springframework.security.web.authentication.AnonymousAuthenticationFilter@58e1d9d, org.springframework.security.web.session.SessionManagementFilter@1b1cfb87, org.springframework.security.web.access.ExceptionTranslationFilter@23f5b5dc, org.springframework.security.web.access.intercept.FilterSecurityInterceptor@1be2019a]
2017-04-18 10:13:37.434  INFO 1 --- [           main] s.w.s.m.m.a.RequestMappingHandlerAdapter : Looking for @ControllerAdvice: org.springframework.boot.context.embedded.AnnotationConfigEmbeddedWebApplicationContext@4cb2c100: startup date [Tue Apr 18 10:13:29 UTC 2017]; parent: org.springframework.context.annotation.AnnotationConfigApplicationContext@7de26db8
2017-04-18 10:13:37.538  INFO 1 --- [           main] s.w.s.m.m.a.RequestMappingHandlerMapping : Mapped "{[/users],methods=[POST]}" onto public void com.dminc.auth.controller.UserController.createUser(com.dminc.auth.domain.User)
2017-04-18 10:13:37.539  INFO 1 --- [           main] s.w.s.m.m.a.RequestMappingHandlerMapping : Mapped "{[/users/current],methods=[GET]}" onto public java.security.Principal com.dminc.auth.controller.UserController.getCurrentUser(java.security.Principal)
2017-04-18 10:13:37.543  INFO 1 --- [           main] s.w.s.m.m.a.RequestMappingHandlerMapping : Mapped "{[/error],produces=[text/html]}" onto public org.springframework.web.servlet.ModelAndView org.springframework.boot.autoconfigure.web.BasicErrorController.errorHtml(javax.servlet.http.HttpServletRequest,javax.servlet.http.HttpServletResponse)
2017-04-18 10:13:37.544  INFO 1 --- [           main] s.w.s.m.m.a.RequestMappingHandlerMapping : Mapped "{[/error]}" onto public org.springframework.http.ResponseEntity<java.util.Map<java.lang.String, java.lang.Object>> org.springframework.boot.autoconfigure.web.BasicErrorController.error(javax.servlet.http.HttpServletRequest)
2017-04-18 10:13:38.150  INFO 1 --- [           main] o.s.w.s.handler.SimpleUrlHandlerMapping  : Mapped URL path [/webjars/**] onto handler of type [class org.springframework.web.servlet.resource.ResourceHttpRequestHandler]
2017-04-18 10:13:38.150  INFO 1 --- [           main] o.s.w.s.handler.SimpleUrlHandlerMapping  : Mapped URL path [/**] onto handler of type [class org.springframework.web.servlet.resource.ResourceHttpRequestHandler]
2017-04-18 10:13:38.240  INFO 1 --- [           main] o.s.w.s.handler.SimpleUrlHandlerMapping  : Mapped URL path [/**/favicon.ico] onto handler of type [class org.springframework.web.servlet.resource.ResourceHttpRequestHandler]
2017-04-18 10:13:38.837  WARN 1 --- [           main] c.n.c.sources.URLConfigurationSource     : No URLs will be polled as dynamic configuration sources.
2017-04-18 10:13:38.837  INFO 1 --- [           main] c.n.c.sources.URLConfigurationSource     : To enable URLs as dynamic configuration sources, define System property archaius.configurationSource.additionalUrls or make config.properties available on classpath.
2017-04-18 10:13:38.857  WARN 1 --- [           main] c.n.c.sources.URLConfigurationSource     : No URLs will be polled as dynamic configuration sources.
2017-04-18 10:13:38.863  INFO 1 --- [           main] c.n.c.sources.URLConfigurationSource     : To enable URLs as dynamic configuration sources, define System property archaius.configurationSource.additionalUrls or make config.properties available on classpath.
2017-04-18 10:13:38.965  INFO 1 --- [           main] o.s.j.e.a.AnnotationMBeanExporter        : Registering beans for JMX exposure on startup
2017-04-18 10:13:38.982  INFO 1 --- [           main] o.s.j.e.a.AnnotationMBeanExporter        : Bean with name 'refreshScope' has been autodetected for JMX exposure
2017-04-18 10:13:38.983  INFO 1 --- [           main] o.s.j.e.a.AnnotationMBeanExporter        : Bean with name 'environmentManager' has been autodetected for JMX exposure
2017-04-18 10:13:38.987  INFO 1 --- [           main] o.s.j.e.a.AnnotationMBeanExporter        : Bean with name 'configurationPropertiesRebinder' has been autodetected for JMX exposure
2017-04-18 10:13:38.992  INFO 1 --- [           main] o.s.j.e.a.AnnotationMBeanExporter        : Located managed bean 'environmentManager': registering with JMX server as MBean [org.springframework.cloud.context.environment:name=environmentManager,type=EnvironmentManager]
2017-04-18 10:13:39.020  INFO 1 --- [           main] o.s.j.e.a.AnnotationMBeanExporter        : Located managed bean 'refreshScope': registering with JMX server as MBean [org.springframework.cloud.context.scope.refresh:name=refreshScope,type=RefreshScope]
2017-04-18 10:13:39.038  INFO 1 --- [           main] o.s.j.e.a.AnnotationMBeanExporter        : Located managed bean 'configurationPropertiesRebinder': registering with JMX server as MBean [org.springframework.cloud.context.properties:name=configurationPropertiesRebinder,context=4cb2c100,type=ConfigurationPropertiesRebinder]
2017-04-18 10:13:39.204  INFO 1 --- [           main] o.s.c.support.DefaultLifecycleProcessor  : Starting beans in phase 0
2017-04-18 10:13:39.218  INFO 1 --- [           main] o.s.c.n.eureka.InstanceInfoFactory       : Setting initial instance status as: STARTING
2017-04-18 10:13:39.684  INFO 1 --- [           main] c.n.d.provider.DiscoveryJerseyProvider   : Using JSON encoding codec LegacyJacksonJson
2017-04-18 10:13:39.685  INFO 1 --- [           main] c.n.d.provider.DiscoveryJerseyProvider   : Using JSON decoding codec LegacyJacksonJson
2017-04-18 10:13:40.004  INFO 1 --- [           main] c.n.d.provider.DiscoveryJerseyProvider   : Using XML encoding codec XStreamXml
2017-04-18 10:13:40.004  INFO 1 --- [           main] c.n.d.provider.DiscoveryJerseyProvider   : Using XML decoding codec XStreamXml
2017-04-18 10:13:40.470  INFO 1 --- [           main] c.n.d.s.r.aws.ConfigClusterResolver      : Resolving eureka endpoints via configuration
2017-04-18 10:13:40.540  INFO 1 --- [           main] com.netflix.discovery.DiscoveryClient    : Disable delta property : false
2017-04-18 10:13:40.540  INFO 1 --- [           main] com.netflix.discovery.DiscoveryClient    : Single vip registry refresh property : null
2017-04-18 10:13:40.542  INFO 1 --- [           main] com.netflix.discovery.DiscoveryClient    : Force full registry fetch : false
2017-04-18 10:13:40.543  INFO 1 --- [           main] com.netflix.discovery.DiscoveryClient    : Application is null : false
2017-04-18 10:13:40.543  INFO 1 --- [           main] com.netflix.discovery.DiscoveryClient    : Registered Applications size is zero : true
2017-04-18 10:13:40.543  INFO 1 --- [           main] com.netflix.discovery.DiscoveryClient    : Application version is -1: true
2017-04-18 10:13:40.544  INFO 1 --- [           main] com.netflix.discovery.DiscoveryClient    : Getting all instance registry info from the eureka server
2017-04-18 10:13:40.835  INFO 1 --- [           main] com.netflix.discovery.DiscoveryClient    : The response status is 200
2017-04-18 10:13:40.841  INFO 1 --- [           main] com.netflix.discovery.DiscoveryClient    : Starting heartbeat executor: renew interval is: 30
2017-04-18 10:13:40.846  INFO 1 --- [           main] c.n.discovery.InstanceInfoReplicator     : InstanceInfoReplicator onDemand update allowed rate per min is 4
2017-04-18 10:13:40.850  INFO 1 --- [           main] com.netflix.discovery.DiscoveryClient    : Discovery Client initialized at timestamp 1492510420850 with initial instances count: 2
2017-04-18 10:13:40.886  INFO 1 --- [           main] c.n.e.EurekaDiscoveryClientConfiguration : Registering application auth-service with eureka with status UP
2017-04-18 10:13:40.889  INFO 1 --- [           main] com.netflix.discovery.DiscoveryClient    : Saw local status change event StatusChangeEvent [timestamp=1492510420889, current=UP, previous=STARTING]
2017-04-18 10:13:40.894  INFO 1 --- [nfoReplicator-0] com.netflix.discovery.DiscoveryClient    : DiscoveryClient_AUTH-SERVICE/257270d4efc4:auth-service:5000: registering service...
2017-04-18 10:13:40.974  INFO 1 --- [           main] s.b.c.e.t.TomcatEmbeddedServletContainer : Tomcat started on port(s): 5000 (http)
2017-04-18 10:13:40.982  INFO 1 --- [           main] c.n.e.EurekaDiscoveryClientConfiguration : Updating port to 5000
2017-04-18 10:13:40.992  INFO 1 --- [           main] com.dminc.auth.AuthApplication           : Started AuthApplication in 18.118 seconds (JVM running for 19.919)
2017-04-18 10:13:41.009  INFO 1 --- [nfoReplicator-0] com.netflix.discovery.DiscoveryClient    : DiscoveryClient_AUTH-SERVICE/257270d4efc4:auth-service:5000 - registration status: 204
2017-04-18 10:16:02.233  INFO 1 --- [nio-5000-exec-1] o.a.c.c.C.[Tomcat].[localhost].[/uaa]    : Initializing Spring FrameworkServlet 'dispatcherServlet'
2017-04-18 10:16:02.234  INFO 1 --- [nio-5000-exec-1] o.s.web.servlet.DispatcherServlet        : FrameworkServlet 'dispatcherServlet': initialization started
2017-04-18 10:16:02.276  INFO 1 --- [nio-5000-exec-1] o.s.web.servlet.DispatcherServlet        : FrameworkServlet 'dispatcherServlet': initialization completed in 42 ms
2017-04-18 10:16:02.415  INFO 1 --- [nio-5000-exec-1] c.d.a.s.security.UserDetailsServiceImpl  : Query by username adminuser
2017-04-18 10:16:02.561  INFO 1 --- [nio-5000-exec-1] org.mongodb.driver.connection            : Opened connection [connectionId{localValue:2, serverValue:4}] to auth-mongodb:27017
